# ============================================================
# APC / FDC FAULT DETECTION LOG | SITE: Fab-12 Boise
# DATE: 2026-03-08 | GENERATED BY: APC-System v4.2
# ============================================================

2026-03-08T00:35:12Z [CRIT ] FDC RULE VIOLATION | Tool: EUV-12
                              Parameter : cd_nm
                              Measured  : 14.82   |  Target: 14.00
                              UCL       : 14.50   |  LCL   : 13.50
                              Sigma     : 2.74
                              Rule      : Western Electric Rule 1 (1 pt beyond 3-sigma)
                              Lots      : LOT-A2291 (W18, W19, W20)
                              Action    : LOT_HOLD
                              Alert ID  : APC-20260308-002
                              Ticket    : https://mes.fab.internal/alerts/APC-20260308-002

2026-03-08T00:35:13Z [ERROR] Alert dispatch: process-eng@fab.com, T.Nakamura@fab.com

2026-03-08T12:02:42Z [CRIT ] FDC RULE VIOLATION | Tool: EUV-12
                              Parameter : laser_power_W
                              Measured  : 218.0   |  Target: 240.0
                              UCL       : 255.0   |  LCL   : 225.0
                              Sigma     : 3.10
                              Rule      : Western Electric Rule 1
                              Lots      : L9821 (W24), LOT-A2291 (W19, W20)
                              Action    : TOOL_QUARANTINED
                              Alert ID  : APC-20260308-001

2026-03-08T12:02:43Z [ERROR] Alert dispatch: process-eng@fab.com, shift-lead@fab.com, maint-eng@fab.com

2026-03-08T12:15:22Z [CRIT ] FDC RULE VIOLATION | Tool: ETCH-CVD-042
                              Parameter : etch_rate_A_per_min
                              Measured  : 342.0   |  Target: 312.0
                              UCL       : 340.0   |  LCL   : 284.0
                              Sigma     : 3.45
                              Rule      : Western Electric Rule 1
                              Lots      : LOT-A2291 (W18, W19, W20)
                              Action    : LOT_QUARANTINED
                              Alert ID  : APC-20260308-003
                              Root cause: CF4 MFC drift +8%. Recalibration required.

2026-03-08T02:47:19Z [ERROR] MOTION FAULT | Tool: CVD-PVD-019
                              Fault code: R-E014
                              Axis      : 3
                              Fault desc: Encoder position mismatch > 0.05mm
                              Wafer     : LOT-A2292 W01 (mid-transfer, step 142)
                              Action    : TOOL_FAULT, LOT_QUARANTINED
                              Interlock : Safety interlock ENGAGED
                              Escalation: ESC-2026-0847

2026-03-08T02:47:20Z [ERROR] Escalation paged. FSE dispatched. ETA: 04:15.

2026-03-08T06:30:44Z [WARN ] FLOW ANOMALY | Tool: CMP-POL-007
                              Parameter : slurry_flow_ml_min
                              Measured  : 180.0   |  Spec  : 200.0 +/-10
                              Severity  : LOW
                              No wafers in process. Slurry line flushed. Restored: 201.0 ml/min.

2026-03-08T07:45:02Z [INFO ] EUV-12 PM-20260315-001 complete. Tool released.
                              Post-PM QC: overlay=0.98nm PASS | CD_uni=+/-0.3nm PASS
                              Tool state: PRODUCTION.

2026-03-08T16:30:00Z [INFO ] APC-20260308-003 RESOLVED.
                              ETCH-CVD-042 CF4 MFC recalibrated. Etch rate: 311.8 A/min (nominal).

# ============================================================
# DAILY SUMMARY | 2026-03-08
# Total FDC events  : 5 (3 CRITICAL, 1 ERROR, 1 WARNING)
# Tools affected    : EUV-12, CVD-PVD-019, ETCH-CVD-042, CMP-POL-007
# Lots on hold      : LOT-A2291, LOT-A2292
# Resolved today    : APC-20260308-003 (ETCH rate), CVD-PVD-019 fault
# Open items        : APC-20260308-001 (EUV-12 CD), APC-20260308-002 (lot hold)
# ============================================================
