# ============================================================
# TOOL SYSTEM LOG | TOOL: CVD-PVD-019 | DATE: 2026-03-08
# TOOL TYPE: Metal Deposition (Applied Materials Endura 300)
# BAY: Bay-4B | OPERATOR: Night-crew auto-log
# ============================================================

2026-03-08T00:00:01Z [INFO ] Tool CVD-PVD-019 status: IDLE. Last lot: LOT-A2290 (complete).
2026-03-08T00:05:00Z [INFO ] Lot LOT-A2291 queued for M2_DEPOSITION (step 142). Awaiting slot.
2026-03-08T00:30:00Z [INFO ] Lot LOT-A2291 W01 loaded. Recipe: RCP-CVD-W-METAL-V5.
2026-03-08T00:30:30Z [INFO ] Pre-heat started. Temp: 300C target. Chamber pressure: 5.0 mTorr.
2026-03-08T00:32:30Z [INFO ] Nucleation layer step started. WF6: 25 sccm. H2: 400 sccm.
2026-03-08T00:33:00Z [INFO ] Bulk fill started. WF6: 150 sccm. H2: 1000 sccm. Dep rate: 119.8 A/min.
2026-03-08T00:36:00Z [INFO ] Deposition complete. Film thickness: 80.2nm. PASS. Resistivity: 11.8 uOhm.cm.
2026-03-08T00:36:30Z [INFO ] Wafer W01 unloaded. Result: PASS.
2026-03-08T01:10:00Z [INFO ] Wafers W02 through W10 processed. All PASS. Dep rate stable: 119.5-120.8 A/min.
2026-03-08T02:30:00Z [INFO ] Lot LOT-A2292 W01 loaded for M2_DEPOSITION (step 142).
2026-03-08T02:30:30Z [INFO ] Pre-heat started.
2026-03-08T02:45:00Z [INFO ] Bulk fill in progress. WF6: 150 sccm. Dep rate: 120.1 A/min.
2026-03-08T02:47:19Z [ERROR] WAFER HANDLER FAULT. Motion error code R-E014.
                              Axis 3 encoder position mismatch detected: 0.067mm (limit: 0.050mm).
                              Wafer LOT-A2292 W01 mid-transfer. Transfer aborted.
                              Safety interlock ENGAGED. RF OFF. Gas flows stopped.
                              Tool state: FAULT.
2026-03-08T02:47:20Z [ERROR] Lot LOT-A2292 placed on hold. Wafer W01 position unknown - quarantine.
2026-03-08T02:47:21Z [ERROR] Paging maintenance: maint-eng@fab.com | fse-amat@support.com
                              Escalation ticket ESC-2026-0847 created.
2026-03-08T03:20:00Z [INFO ] FSE (Applied Materials) dispatched. ETA: 04:15.
2026-03-08T04:22:00Z [INFO ] FSE on-site. Axis-3 encoder diagnosis in progress.
2026-03-08T04:35:00Z [INFO ] Root cause confirmed: Axis-3 encoder bearing worn. Cumulative 1.2M cycles.
                              Parts required: AMAT-ENC-AX3-001, AMAT-BRNG-014 (x2).
2026-03-08T05:00:00Z [INFO ] Encoder module replacement in progress.
2026-03-08T05:30:00Z [INFO ] Encoder replaced. Robot re-alignment started.
2026-03-08T05:45:00Z [INFO ] Robot alignment complete. Test moves passed. Position accuracy: 0.010mm PASS.
2026-03-08T05:55:00Z [INFO ] Qualification lot WQ-305 loaded. Running 3-wafer qualification.
2026-03-08T06:00:00Z [INFO ] Qualification lot WQ-305 complete.
                              Deposition uniformity: +/-1.4% PASS (spec: +/-2%)
                              Film thickness: 80.1nm PASS
                              Resistivity: 11.9 uOhm.cm PASS
                              Tool state: PRODUCTION.
2026-03-08T06:05:00Z [INFO ] MES notified: CVD-PVD-019 available. Lot LOT-A2291 W11+ resumed.
2026-03-08T08:00:00Z [INFO ] Shift summary for D-Shift 2026-03-08:
                              Total wafers processed: 14
                              Downtime: 3h 13m (unscheduled fault R-E014)
                              Lots affected: LOT-A2292 (hold - W01 quarantine)
                              Availability: 86.6%
